<?xml version="1.0" encoding="UTF-8"?>
<!-- Generated by org.testng.reporters.JUnitReportReporter -->
<testsuite hostname="DESKTOP-RHAVO5R" failures="0" tests="1" name="com.raghib.property.PropertyDemoTest" time="0.016" errors="0" timestamp="2023-07-13T15:43:43 IST" skipped="0">
  <testcase classname="com.raghib.property.PropertyDemoTest" name="readPropertyTest" time="0.016"/>
  <system-out/>
</testsuite> <!-- com.raghib.property.PropertyDemoTest -->
