<?xml version="1.0" encoding="UTF-8"?>
<!-- Generated by org.testng.reporters.JUnitReportReporter -->
<testsuite skipped="0" hostname="LAPTOP-NR1KSVT0" name="com.raghib.maven.GetterSetterUserTest" tests="1" failures="0" timestamp="2021-02-18T20:25:03 IST" time="0.013" errors="0">
  <testcase name="testGetterSetterAnnotation" time="0.013" classname="com.raghib.maven.GetterSetterUserTest"/>
  <system-out/>
</testsuite> <!-- com.raghib.maven.GetterSetterUserTest -->
