<?xml version="1.0" encoding="UTF-8"?>
<!-- Generated by org.testng.reporters.JUnitReportReporter -->
<testsuite skipped="0" hostname="LAPTOP-NR1KSVT0" name="com.raghib.maven.GetterSetterUserDemoTest" tests="1" failures="0" timestamp="2021-02-18T19:37:26 IST" time="0.012" errors="0">
  <testcase name="testGetterSetterAnnotation" time="0.012" classname="com.raghib.maven.GetterSetterUserDemoTest"/>
  <system-out/>
</testsuite> <!-- com.raghib.maven.GetterSetterUserDemoTest -->
